<?xml version="1.0" encoding="UTF-8"?>
<robot generator="Robot 3.2.2 (Python 3.9.1 on win32)" generated="20211101 14:23:13.950" rpa="false">
<suite id="s1" name="tagSamples" source="F:\Anandhi\workspace\robotframework\RFWSamplesB2\tagSamples">
<suite id="s1-s1" name="TagSampleOneTS" source="F:\Anandhi\workspace\robotframework\RFWSamplesB2\tagSamples\TagSampleOneTS.robot">
<test id="s1-s1-t1" name="Valid Login">
<kw name="Log To Console" library="BuiltIn">
<doc>Logs the given message to the console.</doc>
<arguments>
<arg>Valid Login</arg>
</arguments>
<status status="PASS" starttime="20211101 14:23:13.979" endtime="20211101 14:23:13.979"></status>
</kw>
<tags>
<tag>RegTest</tag>
</tags>
<status status="PASS" starttime="20211101 14:23:13.979" endtime="20211101 14:23:13.979" critical="yes"></status>
</test>
<test id="s1-s1-t2" name="Search Item">
<kw name="Log To Console" library="BuiltIn">
<doc>Logs the given message to the console.</doc>
<arguments>
<arg>Search Item</arg>
</arguments>
<status status="PASS" starttime="20211101 14:23:13.980" endtime="20211101 14:23:13.981"></status>
</kw>
<tags>
<tag>RegTest</tag>
<tag>SmokeTest</tag>
</tags>
<status status="PASS" starttime="20211101 14:23:13.980" endtime="20211101 14:23:13.981" critical="yes"></status>
</test>
<test id="s1-s1-t3" name="Place Order">
<kw name="Log To Console" library="BuiltIn">
<doc>Logs the given message to the console.</doc>
<arguments>
<arg>Place Order</arg>
</arguments>
<status status="PASS" starttime="20211101 14:23:13.981" endtime="20211101 14:23:13.981"></status>
</kw>
<status status="PASS" starttime="20211101 14:23:13.981" endtime="20211101 14:23:13.982" critical="yes"></status>
</test>
<test id="s1-s1-t4" name="Checkout">
<kw name="Log To Console" library="BuiltIn">
<doc>Logs the given message to the console.</doc>
<arguments>
<arg>Checkout</arg>
</arguments>
<status status="PASS" starttime="20211101 14:23:13.982" endtime="20211101 14:23:13.982"></status>
</kw>
<kw name="Log To Console" library="BuiltIn">
<doc>Logs the given message to the console.</doc>
<arguments>
<arg>Modified on 1stNov21</arg>
<arg>AF Batch to run from Jenkins</arg>
</arguments>
<status status="PASS" starttime="20211101 14:23:13.982" endtime="20211101 14:23:13.983"></status>
</kw>
<tags>
<tag>SmokeTest</tag>
</tags>
<status status="PASS" starttime="20211101 14:23:13.982" endtime="20211101 14:23:13.983" critical="yes"></status>
</test>
<test id="s1-s1-t5" name="Logout">
<kw name="Log To Console" library="BuiltIn">
<doc>Logs the given message to the console.</doc>
<arguments>
<arg>Logout</arg>
</arguments>
<status status="PASS" starttime="20211101 14:23:13.983" endtime="20211101 14:23:13.984"></status>
</kw>
<status status="PASS" starttime="20211101 14:23:13.983" endtime="20211101 14:23:13.984" critical="yes"></status>
</test>
<status status="PASS" starttime="20211101 14:23:13.976" endtime="20211101 14:23:13.984"></status>
</suite>
<suite id="s1-s2" name="TagSampleThreeTS" source="F:\Anandhi\workspace\robotframework\RFWSamplesB2\tagSamples\TagSampleThreeTS.robot">
<test id="s1-s2-t1" name="Valid Login">
<kw name="Log To Console" library="BuiltIn">
<doc>Logs the given message to the console.</doc>
<arguments>
<arg>Valid Login ThreeTS</arg>
</arguments>
<status status="PASS" starttime="20211101 14:23:13.987" endtime="20211101 14:23:13.988"></status>
</kw>
<tags>
<tag>Req-101</tag>
</tags>
<status status="PASS" starttime="20211101 14:23:13.987" endtime="20211101 14:23:13.988" critical="yes"></status>
</test>
<test id="s1-s2-t2" name="Search Item">
<kw name="Log To Console" library="BuiltIn">
<doc>Logs the given message to the console.</doc>
<arguments>
<arg>Search Item ThreeTS</arg>
</arguments>
<status status="PASS" starttime="20211101 14:23:13.989" endtime="20211101 14:23:13.989"></status>
</kw>
<tags>
<tag>FuncTest</tag>
</tags>
<status status="PASS" starttime="20211101 14:23:13.988" endtime="20211101 14:23:13.989" critical="yes"></status>
</test>
<test id="s1-s2-t3" name="Place Order">
<kw name="Log To Console" library="BuiltIn">
<doc>Logs the given message to the console.</doc>
<arguments>
<arg>Place Order ThreeTS</arg>
</arguments>
<status status="PASS" starttime="20211101 14:23:13.989" endtime="20211101 14:23:13.990"></status>
</kw>
<tags>
<tag>FuncTest</tag>
</tags>
<status status="PASS" starttime="20211101 14:23:13.989" endtime="20211101 14:23:13.990" critical="yes"></status>
</test>
<test id="s1-s2-t4" name="Checkout">
<kw name="Log To Console" library="BuiltIn">
<doc>Logs the given message to the console.</doc>
<arguments>
<arg>Checkout ThreeTS</arg>
</arguments>
<status status="PASS" starttime="20211101 14:23:13.990" endtime="20211101 14:23:13.990"></status>
</kw>
<tags>
<tag>Req-101</tag>
</tags>
<status status="PASS" starttime="20211101 14:23:13.990" endtime="20211101 14:23:13.991" critical="yes"></status>
</test>
<test id="s1-s2-t5" name="Logout">
<kw name="Log To Console" library="BuiltIn">
<doc>Logs the given message to the console.</doc>
<arguments>
<arg>Logout ThreeTS</arg>
</arguments>
<status status="PASS" starttime="20211101 14:23:13.991" endtime="20211101 14:23:13.991"></status>
</kw>
<tags>
<tag>FuncTest</tag>
</tags>
<status status="PASS" starttime="20211101 14:23:13.991" endtime="20211101 14:23:13.991" critical="yes"></status>
</test>
<status status="PASS" starttime="20211101 14:23:13.985" endtime="20211101 14:23:13.991"></status>
</suite>
<suite id="s1-s3" name="TagSampleTwoTS" source="F:\Anandhi\workspace\robotframework\RFWSamplesB2\tagSamples\TagSampleTwoTS.robot">
<test id="s1-s3-t1" name="Generate Invoice">
<kw name="Log To Console" library="BuiltIn">
<doc>Logs the given message to the console.</doc>
<arguments>
<arg>Generate Invoice</arg>
</arguments>
<status status="PASS" starttime="20211101 14:23:13.995" endtime="20211101 14:23:13.995"></status>
</kw>
<status status="PASS" starttime="20211101 14:23:13.994" endtime="20211101 14:23:13.995" critical="yes"></status>
</test>
<test id="s1-s3-t2" name="Make Payment">
<kw name="Log To Console" library="BuiltIn">
<doc>Logs the given message to the console.</doc>
<arguments>
<arg>Make Payment</arg>
</arguments>
<status status="PASS" starttime="20211101 14:23:13.996" endtime="20211101 14:23:13.997"></status>
</kw>
<kw name="Log To Console" library="BuiltIn">
<doc>Logs the given message to the console.</doc>
<arguments>
<arg>Updated for Bug Fix</arg>
</arguments>
<status status="PASS" starttime="20211101 14:23:13.997" endtime="20211101 14:23:13.997"></status>
</kw>
<tags>
<tag>RegTest</tag>
</tags>
<status status="PASS" starttime="20211101 14:23:13.995" endtime="20211101 14:23:13.997" critical="yes"></status>
</test>
<status status="PASS" starttime="20211101 14:23:13.992" endtime="20211101 14:23:13.997"></status>
</suite>
<status status="PASS" starttime="20211101 14:23:13.952" endtime="20211101 14:23:13.998"></status>
</suite>
<statistics>
<total>
<stat pass="12" fail="0">Critical Tests</stat>
<stat pass="12" fail="0">All Tests</stat>
</total>
<tag>
<stat pass="3" fail="0">FuncTest</stat>
<stat pass="3" fail="0">RegTest</stat>
<stat pass="2" fail="0">Req-101</stat>
<stat pass="2" fail="0">SmokeTest</stat>
</tag>
<suite>
<stat pass="12" fail="0" id="s1" name="tagSamples">tagSamples</stat>
<stat pass="5" fail="0" id="s1-s1" name="TagSampleOneTS">tagSamples.TagSampleOneTS</stat>
<stat pass="5" fail="0" id="s1-s2" name="TagSampleThreeTS">tagSamples.TagSampleThreeTS</stat>
<stat pass="2" fail="0" id="s1-s3" name="TagSampleTwoTS">tagSamples.TagSampleTwoTS</stat>
</suite>
</statistics>
<errors>
</errors>
</robot>
