<?xml version="1.0" encoding="UTF-8"?>
<robot generator="Robot 3.2.2 (Python 3.9.1 on win32)" generated="20211031 12:12:25.399" rpa="false">
<suite id="s1" name="tagSamples" source="F:\Anandhi\workspace\robotframework\RFWSamplesB2\tagSamples">
<suite id="s1-s1" name="TagSampleOneTS" source="F:\Anandhi\workspace\robotframework\RFWSamplesB2\tagSamples\TagSampleOneTS.robot">
<test id="s1-s1-t1" name="Valid Login">
<kw name="Log To Console" library="BuiltIn">
<doc>Logs the given message to the console.</doc>
<arguments>
<arg>Valid Login</arg>
</arguments>
<status status="PASS" starttime="20211031 12:12:25.432" endtime="20211031 12:12:25.432"></status>
</kw>
<tags>
<tag>RegTest</tag>
</tags>
<status status="PASS" starttime="20211031 12:12:25.432" endtime="20211031 12:12:25.432" critical="yes"></status>
</test>
<test id="s1-s1-t2" name="Search Item">
<kw name="Log To Console" library="BuiltIn">
<doc>Logs the given message to the console.</doc>
<arguments>
<arg>Search Item</arg>
</arguments>
<status status="PASS" starttime="20211031 12:12:25.432" endtime="20211031 12:12:25.433"></status>
</kw>
<tags>
<tag>RegTest</tag>
<tag>SmokeTest</tag>
</tags>
<status status="PASS" starttime="20211031 12:12:25.432" endtime="20211031 12:12:25.433" critical="yes"></status>
</test>
<test id="s1-s1-t3" name="Place Order">
<kw name="Log To Console" library="BuiltIn">
<doc>Logs the given message to the console.</doc>
<arguments>
<arg>Place Order</arg>
</arguments>
<status status="PASS" starttime="20211031 12:12:25.434" endtime="20211031 12:12:25.435"></status>
</kw>
<status status="PASS" starttime="20211031 12:12:25.434" endtime="20211031 12:12:25.435" critical="yes"></status>
</test>
<test id="s1-s1-t4" name="Checkout">
<kw name="Log To Console" library="BuiltIn">
<doc>Logs the given message to the console.</doc>
<arguments>
<arg>Checkout</arg>
</arguments>
<status status="PASS" starttime="20211031 12:12:25.436" endtime="20211031 12:12:25.437"></status>
</kw>
<tags>
<tag>SmokeTest</tag>
</tags>
<status status="PASS" starttime="20211031 12:12:25.435" endtime="20211031 12:12:25.437" critical="yes"></status>
</test>
<test id="s1-s1-t5" name="Logout">
<kw name="Log To Console" library="BuiltIn">
<doc>Logs the given message to the console.</doc>
<arguments>
<arg>Logout</arg>
</arguments>
<status status="PASS" starttime="20211031 12:12:25.438" endtime="20211031 12:12:25.438"></status>
</kw>
<status status="PASS" starttime="20211031 12:12:25.437" endtime="20211031 12:12:25.438" critical="yes"></status>
</test>
<status status="PASS" starttime="20211031 12:12:25.428" endtime="20211031 12:12:25.438"></status>
</suite>
<suite id="s1-s2" name="TagSampleThreeTS" source="F:\Anandhi\workspace\robotframework\RFWSamplesB2\tagSamples\TagSampleThreeTS.robot">
<test id="s1-s2-t1" name="Valid Login">
<kw name="Log To Console" library="BuiltIn">
<doc>Logs the given message to the console.</doc>
<arguments>
<arg>Valid Login ThreeTS</arg>
</arguments>
<status status="PASS" starttime="20211031 12:12:25.443" endtime="20211031 12:12:25.443"></status>
</kw>
<tags>
<tag>Req-101</tag>
</tags>
<status status="PASS" starttime="20211031 12:12:25.443" endtime="20211031 12:12:25.443" critical="yes"></status>
</test>
<test id="s1-s2-t2" name="Search Item">
<kw name="Log To Console" library="BuiltIn">
<doc>Logs the given message to the console.</doc>
<arguments>
<arg>Search Item ThreeTS</arg>
</arguments>
<status status="PASS" starttime="20211031 12:12:25.443" endtime="20211031 12:12:25.443"></status>
</kw>
<tags>
<tag>FuncTest</tag>
</tags>
<status status="PASS" starttime="20211031 12:12:25.443" endtime="20211031 12:12:25.443" critical="yes"></status>
</test>
<test id="s1-s2-t3" name="Place Order">
<kw name="Log To Console" library="BuiltIn">
<doc>Logs the given message to the console.</doc>
<arguments>
<arg>Place Order ThreeTS</arg>
</arguments>
<status status="PASS" starttime="20211031 12:12:25.444" endtime="20211031 12:12:25.444"></status>
</kw>
<tags>
<tag>FuncTest</tag>
</tags>
<status status="PASS" starttime="20211031 12:12:25.444" endtime="20211031 12:12:25.445" critical="yes"></status>
</test>
<test id="s1-s2-t4" name="Checkout">
<kw name="Log To Console" library="BuiltIn">
<doc>Logs the given message to the console.</doc>
<arguments>
<arg>Checkout ThreeTS</arg>
</arguments>
<status status="PASS" starttime="20211031 12:12:25.445" endtime="20211031 12:12:25.445"></status>
</kw>
<tags>
<tag>Req-101</tag>
</tags>
<status status="PASS" starttime="20211031 12:12:25.445" endtime="20211031 12:12:25.445" critical="yes"></status>
</test>
<test id="s1-s2-t5" name="Logout">
<kw name="Log To Console" library="BuiltIn">
<doc>Logs the given message to the console.</doc>
<arguments>
<arg>Logout ThreeTS</arg>
</arguments>
<status status="PASS" starttime="20211031 12:12:25.447" endtime="20211031 12:12:25.447"></status>
</kw>
<tags>
<tag>FuncTest</tag>
</tags>
<status status="PASS" starttime="20211031 12:12:25.447" endtime="20211031 12:12:25.447" critical="yes"></status>
</test>
<status status="PASS" starttime="20211031 12:12:25.440" endtime="20211031 12:12:25.448"></status>
</suite>
<suite id="s1-s3" name="TagSampleTwoTS" source="F:\Anandhi\workspace\robotframework\RFWSamplesB2\tagSamples\TagSampleTwoTS.robot">
<test id="s1-s3-t1" name="Generate Invoice">
<kw name="Log To Console" library="BuiltIn">
<doc>Logs the given message to the console.</doc>
<arguments>
<arg>Generate Invoice</arg>
</arguments>
<status status="PASS" starttime="20211031 12:12:25.451" endtime="20211031 12:12:25.452"></status>
</kw>
<status status="PASS" starttime="20211031 12:12:25.451" endtime="20211031 12:12:25.452" critical="yes"></status>
</test>
<test id="s1-s3-t2" name="Make Payment">
<kw name="Log To Console" library="BuiltIn">
<doc>Logs the given message to the console.</doc>
<arguments>
<arg>Make Payment</arg>
</arguments>
<status status="PASS" starttime="20211031 12:12:25.453" endtime="20211031 12:12:25.454"></status>
</kw>
<tags>
<tag>RegTest</tag>
</tags>
<status status="PASS" starttime="20211031 12:12:25.452" endtime="20211031 12:12:25.454" critical="yes"></status>
</test>
<status status="PASS" starttime="20211031 12:12:25.448" endtime="20211031 12:12:25.454"></status>
</suite>
<status status="PASS" starttime="20211031 12:12:25.402" endtime="20211031 12:12:25.455"></status>
</suite>
<statistics>
<total>
<stat pass="12" fail="0">Critical Tests</stat>
<stat pass="12" fail="0">All Tests</stat>
</total>
<tag>
<stat pass="3" fail="0">FuncTest</stat>
<stat pass="3" fail="0">RegTest</stat>
<stat pass="2" fail="0">Req-101</stat>
<stat pass="2" fail="0">SmokeTest</stat>
</tag>
<suite>
<stat pass="12" fail="0" id="s1" name="tagSamples">tagSamples</stat>
<stat pass="5" fail="0" id="s1-s1" name="TagSampleOneTS">tagSamples.TagSampleOneTS</stat>
<stat pass="5" fail="0" id="s1-s2" name="TagSampleThreeTS">tagSamples.TagSampleThreeTS</stat>
<stat pass="2" fail="0" id="s1-s3" name="TagSampleTwoTS">tagSamples.TagSampleTwoTS</stat>
</suite>
</statistics>
<errors>
</errors>
</robot>
