<?xml version="1.0" encoding="UTF-8"?>
<robot generator="Robot 3.2.2 (Python 3.9.1 on win32)" generated="20211021 17:13:16.916" rpa="false">
<suite id="s1" name="HighLevelTS" source="F:\Anandhi\workspace\robotframework\RFWSamplesB2\tests\HighLevelTS.robot">
<test id="s1-t1" name="Valid LoginTest">
<kw name="Given Browser is opened with login page">
<kw name="Open Browser" library="SeleniumLibrary">
<doc>Opens a new browser instance to the optional ``url``.</doc>
<arguments>
<arg>${URL}</arg>
<arg>${BROWSER}</arg>
</arguments>
<msg timestamp="20211021 17:13:17.100" level="INFO">Opening browser 'chrome' to base url 'https://the-internet.herokuapp.com/login'.</msg>
<status status="PASS" starttime="20211021 17:13:17.100" endtime="20211021 17:13:22.999"></status>
</kw>
<kw name="Maximize Browser Window" library="SeleniumLibrary">
<doc>Maximizes current browser window.</doc>
<status status="PASS" starttime="20211021 17:13:22.999" endtime="20211021 17:13:23.135"></status>
</kw>
<kw name="Set Selenium Implicit Wait" library="SeleniumLibrary">
<doc>Sets the implicit wait value used by Selenium.</doc>
<arguments>
<arg>10s</arg>
</arguments>
<status status="PASS" starttime="20211021 17:13:23.135" endtime="20211021 17:13:23.142"></status>
</kw>
<kw name="Location Should Contain" library="SeleniumLibrary">
<doc>Verifies that the current URL contains ``expected``.</doc>
<arguments>
<arg>login</arg>
</arguments>
<msg timestamp="20211021 17:13:23.156" level="INFO">Current location contains 'login'.</msg>
<status status="PASS" starttime="20211021 17:13:23.143" endtime="20211021 17:13:23.156"></status>
</kw>
<status status="PASS" starttime="20211021 17:13:17.099" endtime="20211021 17:13:23.158"></status>
</kw>
<kw name="When User &quot;tomsmith&quot; login with password &quot;SuperSecretPassword!&quot;">
<kw name="Input Text" library="SeleniumLibrary">
<doc>Types the given ``text`` into the text field identified by ``locator``.</doc>
<arguments>
<arg>id:username</arg>
<arg>${username}</arg>
</arguments>
<msg timestamp="20211021 17:13:23.163" level="INFO">Typing text 'tomsmith' into text field 'id:username'.</msg>
<status status="PASS" starttime="20211021 17:13:23.162" endtime="20211021 17:13:23.325"></status>
</kw>
<kw name="Input Text" library="SeleniumLibrary">
<doc>Types the given ``text`` into the text field identified by ``locator``.</doc>
<arguments>
<arg>id:password</arg>
<arg>${password}</arg>
</arguments>
<msg timestamp="20211021 17:13:23.327" level="INFO">Typing text 'SuperSecretPassword!' into text field 'id:password'.</msg>
<status status="PASS" starttime="20211021 17:13:23.325" endtime="20211021 17:13:23.411"></status>
</kw>
<kw name="Click Button" library="SeleniumLibrary">
<doc>Clicks the button identified by ``locator``.</doc>
<arguments>
<arg>css:button.radius</arg>
</arguments>
<msg timestamp="20211021 17:13:23.412" level="INFO">Clicking button 'css:button.radius'.</msg>
<status status="PASS" starttime="20211021 17:13:23.412" endtime="20211021 17:13:24.043"></status>
</kw>
<status status="PASS" starttime="20211021 17:13:23.161" endtime="20211021 17:13:24.043"></status>
</kw>
<kw name="Then Should display success message">
<kw name="Element Should Contain" library="SeleniumLibrary">
<doc>Verifies that element ``locator`` contains text ``expected``.</doc>
<arguments>
<arg>id:flash</arg>
<arg>You logged into a secure area!</arg>
</arguments>
<msg timestamp="20211021 17:13:24.080" level="INFO">Element 'id:flash' contains text 'You logged into a secure area!'.</msg>
<status status="PASS" starttime="20211021 17:13:24.045" endtime="20211021 17:13:24.080"></status>
</kw>
<status status="PASS" starttime="20211021 17:13:24.044" endtime="20211021 17:13:24.080"></status>
</kw>
<status status="PASS" starttime="20211021 17:13:17.098" endtime="20211021 17:13:24.080" critical="yes"></status>
</test>
<test id="s1-t2" name="Invalid LoginTest">
<kw name="Given Browser is opened with login page">
<kw name="Open Browser" library="SeleniumLibrary">
<doc>Opens a new browser instance to the optional ``url``.</doc>
<arguments>
<arg>${URL}</arg>
<arg>${BROWSER}</arg>
</arguments>
<msg timestamp="20211021 17:13:24.084" level="INFO">Opening browser 'chrome' to base url 'https://the-internet.herokuapp.com/login'.</msg>
<status status="PASS" starttime="20211021 17:13:24.083" endtime="20211021 17:13:32.407"></status>
</kw>
<kw name="Maximize Browser Window" library="SeleniumLibrary">
<doc>Maximizes current browser window.</doc>
<status status="PASS" starttime="20211021 17:13:32.409" endtime="20211021 17:13:32.595"></status>
</kw>
<kw name="Set Selenium Implicit Wait" library="SeleniumLibrary">
<doc>Sets the implicit wait value used by Selenium.</doc>
<arguments>
<arg>10s</arg>
</arguments>
<status status="PASS" starttime="20211021 17:13:32.595" endtime="20211021 17:13:32.625"></status>
</kw>
<kw name="Location Should Contain" library="SeleniumLibrary">
<doc>Verifies that the current URL contains ``expected``.</doc>
<arguments>
<arg>login</arg>
</arguments>
<msg timestamp="20211021 17:13:32.671" level="INFO">Current location contains 'login'.</msg>
<status status="PASS" starttime="20211021 17:13:32.628" endtime="20211021 17:13:32.673"></status>
</kw>
<status status="PASS" starttime="20211021 17:13:24.082" endtime="20211021 17:13:32.674"></status>
</kw>
<kw name="When User &quot;tom&quot; login with password &quot;SuperSecret&quot;">
<kw name="Input Text" library="SeleniumLibrary">
<doc>Types the given ``text`` into the text field identified by ``locator``.</doc>
<arguments>
<arg>id:username</arg>
<arg>${username}</arg>
</arguments>
<msg timestamp="20211021 17:13:32.693" level="INFO">Typing text 'tom' into text field 'id:username'.</msg>
<status status="PASS" starttime="20211021 17:13:32.691" endtime="20211021 17:13:32.820"></status>
</kw>
<kw name="Input Text" library="SeleniumLibrary">
<doc>Types the given ``text`` into the text field identified by ``locator``.</doc>
<arguments>
<arg>id:password</arg>
<arg>${password}</arg>
</arguments>
<msg timestamp="20211021 17:13:32.821" level="INFO">Typing text 'SuperSecret' into text field 'id:password'.</msg>
<status status="PASS" starttime="20211021 17:13:32.821" endtime="20211021 17:13:32.929"></status>
</kw>
<kw name="Click Button" library="SeleniumLibrary">
<doc>Clicks the button identified by ``locator``.</doc>
<arguments>
<arg>css:button.radius</arg>
</arguments>
<msg timestamp="20211021 17:13:32.930" level="INFO">Clicking button 'css:button.radius'.</msg>
<status status="PASS" starttime="20211021 17:13:32.930" endtime="20211021 17:13:33.673"></status>
</kw>
<status status="PASS" starttime="20211021 17:13:32.688" endtime="20211021 17:13:33.673"></status>
</kw>
<kw name="Then Should display error message">
<kw name="Element Should Contain" library="SeleniumLibrary">
<doc>Verifies that element ``locator`` contains text ``expected``.</doc>
<arguments>
<arg>id:flash</arg>
<arg>Your username is invalid!</arg>
</arguments>
<msg timestamp="20211021 17:13:33.726" level="INFO">Element 'id:flash' contains text 'Your username is invalid!'.</msg>
<status status="PASS" starttime="20211021 17:13:33.675" endtime="20211021 17:13:33.726"></status>
</kw>
<status status="PASS" starttime="20211021 17:13:33.674" endtime="20211021 17:13:33.727"></status>
</kw>
<status status="PASS" starttime="20211021 17:13:24.082" endtime="20211021 17:13:33.727" critical="yes"></status>
</test>
<status status="PASS" starttime="20211021 17:13:16.918" endtime="20211021 17:13:33.730"></status>
</suite>
<statistics>
<total>
<stat pass="2" fail="0">Critical Tests</stat>
<stat pass="2" fail="0">All Tests</stat>
</total>
<tag>
</tag>
<suite>
<stat pass="2" fail="0" id="s1" name="HighLevelTS">HighLevelTS</stat>
</suite>
</statistics>
<errors>
</errors>
</robot>
