<?xml version="1.0" encoding="UTF-8"?>
<robot generator="Robot 3.2.2 (Python 3.9.1 on win32)" generated="20211021 17:41:58.648" rpa="false">
<suite id="s1" name="parallelTests" source="F:\Anandhi\workspace\robotframework\RFWSamplesB2\parallelTests">
<suite id="s1-s1" name="ChkBoxTS" source="F:\Anandhi\workspace\robotframework\RFWSamplesB2\parallelTests\ChkBoxTS.robot">
<test id="s1-s1-t1" name="RadioBtn Test">
<kw name="Open Browser" library="SeleniumLibrary">
<doc>Opens a new browser instance to the optional ``url``.</doc>
<arguments>
<arg>https://demo.seleniumeasy.com/basic-radiobutton-demo.html</arg>
<arg>chrome</arg>
</arguments>
<msg timestamp="20211021 17:41:58.929" level="INFO">Opening browser 'chrome' to base url 'https://demo.seleniumeasy.com/basic-radiobutton-demo.html'.</msg>
<status status="PASS" starttime="20211021 17:41:58.927" endtime="20211021 17:42:13.265"></status>
</kw>
<kw name="Maximize Browser Window" library="SeleniumLibrary">
<doc>Maximizes current browser window.</doc>
<status status="PASS" starttime="20211021 17:42:13.266" endtime="20211021 17:42:13.640"></status>
</kw>
<kw name="Sleep" library="BuiltIn">
<doc>Pauses the test executed for the given time.</doc>
<arguments>
<arg>2s</arg>
</arguments>
<msg timestamp="20211021 17:42:15.652" level="INFO">Slept 2 seconds</msg>
<status status="PASS" starttime="20211021 17:42:13.641" endtime="20211021 17:42:15.653"></status>
</kw>
<kw name="Select Radio Button" library="SeleniumLibrary">
<doc>Sets the radio button group ``group_name`` to ``value``.</doc>
<arguments>
<arg>gender</arg>
<arg>Male</arg>
</arguments>
<msg timestamp="20211021 17:42:15.655" level="INFO">Selecting 'Male' from radio button 'gender'.</msg>
<status status="PASS" starttime="20211021 17:42:15.654" endtime="20211021 17:42:15.875"></status>
</kw>
<kw name="Get Element Attribute" library="SeleniumLibrary">
<doc>Returns the value of ``attribute`` from the element ``locator``.</doc>
<arguments>
<arg>gender</arg>
<arg>value</arg>
</arguments>
<assign>
<var>${gender}</var>
</assign>
<msg timestamp="20211021 17:42:15.931" level="INFO">${gender} = Male</msg>
<status status="PASS" starttime="20211021 17:42:15.876" endtime="20211021 17:42:15.932"></status>
</kw>
<kw name="Log To Console" library="BuiltIn">
<doc>Logs the given message to the console.</doc>
<arguments>
<arg>${gender}</arg>
</arguments>
<status status="PASS" starttime="20211021 17:42:15.933" endtime="20211021 17:42:15.935"></status>
</kw>
<kw name="Select Radio Button" library="SeleniumLibrary">
<doc>Sets the radio button group ``group_name`` to ``value``.</doc>
<arguments>
<arg>ageGroup</arg>
<arg>0 - 5</arg>
</arguments>
<msg timestamp="20211021 17:42:15.936" level="INFO">Selecting '0 - 5' from radio button 'ageGroup'.</msg>
<status status="PASS" starttime="20211021 17:42:15.936" endtime="20211021 17:42:16.154"></status>
</kw>
<kw name="Radio Button Should Not Be Selected" library="SeleniumLibrary">
<doc>Verifies radio button group ``group_name`` has no selection.</doc>
<arguments>
<arg>gender</arg>
</arguments>
<msg timestamp="20211021 17:42:16.157" level="INFO">Verifying radio button 'gender' has no selection.</msg>
<kw name="Capture Page Screenshot" library="SeleniumLibrary">
<doc>Takes a screenshot of the current page and embeds it into a log file.</doc>
<msg timestamp="20211021 17:42:16.443" level="INFO" html="yes">&lt;/td&gt;&lt;/tr&gt;&lt;tr&gt;&lt;td colspan="3"&gt;&lt;a href="selenium-screenshot-1.png"&gt;&lt;img src="selenium-screenshot-1.png" width="800px"&gt;&lt;/a&gt;</msg>
<status status="PASS" starttime="20211021 17:42:16.226" endtime="20211021 17:42:16.443"></status>
</kw>
<msg timestamp="20211021 17:42:16.446" level="FAIL">Radio button group 'gender' should not have had selection, but 'Male' was selected.</msg>
<status status="FAIL" starttime="20211021 17:42:16.155" endtime="20211021 17:42:16.446"></status>
</kw>
<status status="FAIL" starttime="20211021 17:41:58.925" endtime="20211021 17:42:16.447" critical="yes">Radio button group 'gender' should not have had selection, but 'Male' was selected.</status>
</test>
<status status="FAIL" starttime="20211021 17:41:58.685" endtime="20211021 17:42:16.449"></status>
</suite>
<status status="FAIL" starttime="20211021 17:41:58.659" endtime="20211021 17:42:16.471"></status>
</suite>
<statistics>
<total>
<stat pass="0" fail="1">Critical Tests</stat>
<stat pass="0" fail="1">All Tests</stat>
</total>
<tag>
</tag>
<suite>
<stat pass="0" fail="1" id="s1" name="parallelTests">parallelTests</stat>
<stat pass="0" fail="1" id="s1-s1" name="ChkBoxTS">parallelTests.ChkBoxTS</stat>
</suite>
</statistics>
<errors>
</errors>
</robot>
