<?xml version="1.0" encoding="UTF-8"?>
<robot generator="Robot 3.2.2 (Python 3.9.1 on win32)" generated="20211021 17:41:58.652" rpa="false">
<suite id="s1" name="parallelTests" source="F:\Anandhi\workspace\robotframework\RFWSamplesB2\parallelTests">
<suite id="s1-s1" name="HighLevelTS" source="F:\Anandhi\workspace\robotframework\RFWSamplesB2\parallelTests\HighLevelTS.robot">
<test id="s1-s1-t1" name="Valid LoginTest">
<kw name="Given Browser is opened with login page">
<kw name="Open Browser" library="SeleniumLibrary">
<doc>Opens a new browser instance to the optional ``url``.</doc>
<arguments>
<arg>${URL}</arg>
<arg>${BROWSER}</arg>
</arguments>
<msg timestamp="20211021 17:41:58.936" level="INFO">Opening browser 'chrome' to base url 'https://the-internet.herokuapp.com/login'.</msg>
<status status="PASS" starttime="20211021 17:41:58.933" endtime="20211021 17:42:15.183"></status>
</kw>
<kw name="Maximize Browser Window" library="SeleniumLibrary">
<doc>Maximizes current browser window.</doc>
<status status="PASS" starttime="20211021 17:42:15.185" endtime="20211021 17:42:15.617"></status>
</kw>
<kw name="Set Selenium Implicit Wait" library="SeleniumLibrary">
<doc>Sets the implicit wait value used by Selenium.</doc>
<arguments>
<arg>10s</arg>
</arguments>
<status status="PASS" starttime="20211021 17:42:15.618" endtime="20211021 17:42:15.623"></status>
</kw>
<kw name="Location Should Contain" library="SeleniumLibrary">
<doc>Verifies that the current URL contains ``expected``.</doc>
<arguments>
<arg>login</arg>
</arguments>
<msg timestamp="20211021 17:42:15.654" level="INFO">Current location contains 'login'.</msg>
<status status="PASS" starttime="20211021 17:42:15.624" endtime="20211021 17:42:15.654"></status>
</kw>
<status status="PASS" starttime="20211021 17:41:58.933" endtime="20211021 17:42:15.655"></status>
</kw>
<kw name="When User &quot;tomsmith&quot; login with password &quot;SuperSecretPassword!&quot;">
<kw name="Input Text" library="SeleniumLibrary">
<doc>Types the given ``text`` into the text field identified by ``locator``.</doc>
<arguments>
<arg>id:username</arg>
<arg>${username}</arg>
</arguments>
<msg timestamp="20211021 17:42:15.657" level="INFO">Typing text 'tomsmith' into text field 'id:username'.</msg>
<status status="PASS" starttime="20211021 17:42:15.656" endtime="20211021 17:42:16.011"></status>
</kw>
<kw name="Input Text" library="SeleniumLibrary">
<doc>Types the given ``text`` into the text field identified by ``locator``.</doc>
<arguments>
<arg>id:password</arg>
<arg>${password}</arg>
</arguments>
<msg timestamp="20211021 17:42:16.016" level="INFO">Typing text 'SuperSecretPassword!' into text field 'id:password'.</msg>
<status status="PASS" starttime="20211021 17:42:16.013" endtime="20211021 17:42:16.297"></status>
</kw>
<kw name="Click Button" library="SeleniumLibrary">
<doc>Clicks the button identified by ``locator``.</doc>
<arguments>
<arg>css:button.radius</arg>
</arguments>
<msg timestamp="20211021 17:42:16.299" level="INFO">Clicking button 'css:button.radius'.</msg>
<status status="PASS" starttime="20211021 17:42:16.297" endtime="20211021 17:42:17.647"></status>
</kw>
<status status="PASS" starttime="20211021 17:42:15.655" endtime="20211021 17:42:17.647"></status>
</kw>
<kw name="Then Should display success message">
<kw name="Element Should Contain" library="SeleniumLibrary">
<doc>Verifies that element ``locator`` contains text ``expected``.</doc>
<arguments>
<arg>id:flash</arg>
<arg>You logged into a secure area!</arg>
</arguments>
<msg timestamp="20211021 17:42:17.676" level="INFO">Element 'id:flash' contains text 'You logged into a secure area!'.</msg>
<status status="PASS" starttime="20211021 17:42:17.649" endtime="20211021 17:42:17.676"></status>
</kw>
<status status="PASS" starttime="20211021 17:42:17.648" endtime="20211021 17:42:17.676"></status>
</kw>
<status status="PASS" starttime="20211021 17:41:58.930" endtime="20211021 17:42:17.676" critical="yes"></status>
</test>
<status status="PASS" starttime="20211021 17:41:58.689" endtime="20211021 17:42:17.677"></status>
</suite>
<status status="PASS" starttime="20211021 17:41:58.660" endtime="20211021 17:42:17.687"></status>
</suite>
<statistics>
<total>
<stat pass="1" fail="0">Critical Tests</stat>
<stat pass="1" fail="0">All Tests</stat>
</total>
<tag>
</tag>
<suite>
<stat pass="1" fail="0" id="s1" name="parallelTests">parallelTests</stat>
<stat pass="1" fail="0" id="s1-s1" name="HighLevelTS">parallelTests.HighLevelTS</stat>
</suite>
</statistics>
<errors>
</errors>
</robot>
