<?xml version="1.0" encoding="UTF-8"?>
<robot generator="Robot 3.2.2 (Python 3.9.1 on win32)" generated="20211021 17:41:58.627" rpa="false">
<suite id="s1" name="parallelTests" source="F:\Anandhi\workspace\robotframework\RFWSamplesB2\parallelTests">
<suite id="s1-s1" name="HighLevelTS" source="F:\Anandhi\workspace\robotframework\RFWSamplesB2\parallelTests\HighLevelTS.robot">
<test id="s1-s1-t1" name="Invalid LoginTest">
<kw name="Given Browser is opened with login page">
<kw name="Open Browser" library="SeleniumLibrary">
<doc>Opens a new browser instance to the optional ``url``.</doc>
<arguments>
<arg>${URL}</arg>
<arg>${BROWSER}</arg>
</arguments>
<msg timestamp="20211021 17:41:58.922" level="INFO">Opening browser 'chrome' to base url 'https://the-internet.herokuapp.com/login'.</msg>
<status status="PASS" starttime="20211021 17:41:58.918" endtime="20211021 17:42:11.634"></status>
</kw>
<kw name="Maximize Browser Window" library="SeleniumLibrary">
<doc>Maximizes current browser window.</doc>
<status status="PASS" starttime="20211021 17:42:11.634" endtime="20211021 17:42:12.001"></status>
</kw>
<kw name="Set Selenium Implicit Wait" library="SeleniumLibrary">
<doc>Sets the implicit wait value used by Selenium.</doc>
<arguments>
<arg>10s</arg>
</arguments>
<status status="PASS" starttime="20211021 17:42:12.002" endtime="20211021 17:42:12.008"></status>
</kw>
<kw name="Location Should Contain" library="SeleniumLibrary">
<doc>Verifies that the current URL contains ``expected``.</doc>
<arguments>
<arg>login</arg>
</arguments>
<msg timestamp="20211021 17:42:12.025" level="INFO">Current location contains 'login'.</msg>
<status status="PASS" starttime="20211021 17:42:12.008" endtime="20211021 17:42:12.026"></status>
</kw>
<status status="PASS" starttime="20211021 17:41:58.916" endtime="20211021 17:42:12.027"></status>
</kw>
<kw name="When User &quot;tom&quot; login with password &quot;SuperSecret&quot;">
<kw name="Input Text" library="SeleniumLibrary">
<doc>Types the given ``text`` into the text field identified by ``locator``.</doc>
<arguments>
<arg>id:username</arg>
<arg>${username}</arg>
</arguments>
<msg timestamp="20211021 17:42:12.032" level="INFO">Typing text 'tom' into text field 'id:username'.</msg>
<status status="PASS" starttime="20211021 17:42:12.030" endtime="20211021 17:42:12.903"></status>
</kw>
<kw name="Input Text" library="SeleniumLibrary">
<doc>Types the given ``text`` into the text field identified by ``locator``.</doc>
<arguments>
<arg>id:password</arg>
<arg>${password}</arg>
</arguments>
<msg timestamp="20211021 17:42:12.905" level="INFO">Typing text 'SuperSecret' into text field 'id:password'.</msg>
<status status="PASS" starttime="20211021 17:42:12.904" endtime="20211021 17:42:13.659"></status>
</kw>
<kw name="Click Button" library="SeleniumLibrary">
<doc>Clicks the button identified by ``locator``.</doc>
<arguments>
<arg>css:button.radius</arg>
</arguments>
<msg timestamp="20211021 17:42:13.662" level="INFO">Clicking button 'css:button.radius'.</msg>
<status status="PASS" starttime="20211021 17:42:13.660" endtime="20211021 17:42:15.158"></status>
</kw>
<status status="PASS" starttime="20211021 17:42:12.027" endtime="20211021 17:42:15.164"></status>
</kw>
<kw name="Then Should display error message">
<kw name="Element Should Contain" library="SeleniumLibrary">
<doc>Verifies that element ``locator`` contains text ``expected``.</doc>
<arguments>
<arg>id:flash</arg>
<arg>Your username is invalid!</arg>
</arguments>
<msg timestamp="20211021 17:42:15.521" level="INFO">Element 'id:flash' contains text 'Your username is invalid!'.</msg>
<status status="PASS" starttime="20211021 17:42:15.170" endtime="20211021 17:42:15.522"></status>
</kw>
<status status="PASS" starttime="20211021 17:42:15.167" endtime="20211021 17:42:15.524"></status>
</kw>
<status status="PASS" starttime="20211021 17:41:58.914" endtime="20211021 17:42:15.527" critical="yes"></status>
</test>
<status status="PASS" starttime="20211021 17:41:58.659" endtime="20211021 17:42:15.531"></status>
</suite>
<status status="PASS" starttime="20211021 17:41:58.637" endtime="20211021 17:42:15.545"></status>
</suite>
<statistics>
<total>
<stat pass="1" fail="0">Critical Tests</stat>
<stat pass="1" fail="0">All Tests</stat>
</total>
<tag>
</tag>
<suite>
<stat pass="1" fail="0" id="s1" name="parallelTests">parallelTests</stat>
<stat pass="1" fail="0" id="s1-s1" name="HighLevelTS">parallelTests.HighLevelTS</stat>
</suite>
</statistics>
<errors>
</errors>
</robot>
