<?xml version="1.0" encoding="UTF-8"?>
<robot generator="Robot 3.2.2 (Python 3.9.1 on win32)" generated="20211021 17:41:58.648" rpa="false">
<suite id="s1" name="parallelTests" source="F:\Anandhi\workspace\robotframework\RFWSamplesB2\parallelTests">
<suite id="s1-s1" name="ChkBoxTS" source="F:\Anandhi\workspace\robotframework\RFWSamplesB2\parallelTests\ChkBoxTS.robot">
<test id="s1-s1-t1" name="CheckBox Test">
<kw name="Open Browser" library="SeleniumLibrary">
<doc>Opens a new browser instance to the optional ``url``.</doc>
<arguments>
<arg>https://the-internet.herokuapp.com/checkboxes</arg>
<arg>chrome</arg>
</arguments>
<msg timestamp="20211021 17:41:58.954" level="INFO">Opening browser 'chrome' to base url 'https://the-internet.herokuapp.com/checkboxes'.</msg>
<status status="PASS" starttime="20211021 17:41:58.954" endtime="20211021 17:42:14.760"></status>
</kw>
<kw name="Maximize Browser Window" library="SeleniumLibrary">
<doc>Maximizes current browser window.</doc>
<status status="PASS" starttime="20211021 17:42:14.761" endtime="20211021 17:42:15.173"></status>
</kw>
<kw name="Select Checkbox" library="SeleniumLibrary">
<doc>Selects the checkbox identified by ``locator``.</doc>
<arguments>
<arg>xpath://input[@type='checkbox'][2]</arg>
</arguments>
<msg timestamp="20211021 17:42:15.176" level="INFO">Selecting checkbox 'xpath://input[@type='checkbox'][2]'.</msg>
<status status="PASS" starttime="20211021 17:42:15.174" endtime="20211021 17:42:15.645"></status>
</kw>
<kw name="Select Checkbox" library="SeleniumLibrary">
<doc>Selects the checkbox identified by ``locator``.</doc>
<arguments>
<arg>xpath://input[@type='checkbox'][2]</arg>
</arguments>
<msg timestamp="20211021 17:42:15.647" level="INFO">Selecting checkbox 'xpath://input[@type='checkbox'][2]'.</msg>
<status status="PASS" starttime="20211021 17:42:15.646" endtime="20211021 17:42:15.748"></status>
</kw>
<kw name="Checkbox Should Not Be Selected" library="SeleniumLibrary">
<doc>Verifies checkbox ``locator`` is not selected/checked.</doc>
<arguments>
<arg>xpath://input[@type='checkbox'][1]</arg>
</arguments>
<msg timestamp="20211021 17:42:15.753" level="INFO">Verifying checkbox 'xpath://input[@type='checkbox'][1]' is not selected.</msg>
<status status="PASS" starttime="20211021 17:42:15.750" endtime="20211021 17:42:15.837"></status>
</kw>
<kw name="Unselect Checkbox" library="SeleniumLibrary">
<doc>Removes the selection of checkbox identified by ``locator``.</doc>
<arguments>
<arg>xpath://input[@type='checkbox'][2]</arg>
</arguments>
<msg timestamp="20211021 17:42:15.842" level="INFO">Unselecting checkbox 'xpath://input[@type='checkbox'][2]'.</msg>
<status status="PASS" starttime="20211021 17:42:15.839" endtime="20211021 17:42:16.113"></status>
</kw>
<status status="PASS" starttime="20211021 17:41:58.952" endtime="20211021 17:42:16.115" critical="yes"></status>
</test>
<status status="PASS" starttime="20211021 17:41:58.691" endtime="20211021 17:42:16.119"></status>
</suite>
<status status="PASS" starttime="20211021 17:41:58.656" endtime="20211021 17:42:16.172"></status>
</suite>
<statistics>
<total>
<stat pass="1" fail="0">Critical Tests</stat>
<stat pass="1" fail="0">All Tests</stat>
</total>
<tag>
</tag>
<suite>
<stat pass="1" fail="0" id="s1" name="parallelTests">parallelTests</stat>
<stat pass="1" fail="0" id="s1-s1" name="ChkBoxTS">parallelTests.ChkBoxTS</stat>
</suite>
</statistics>
<errors>
</errors>
</robot>
