<?xml version="1.0" encoding="UTF-8"?>
<robot generator="Robot 3.2.2 (Python 3.9.1 on win32)" generated="20211021 17:10:18.485" rpa="false">
<suite id="s1" name="TagSampleTwoTS" source="F:\Anandhi\workspace\robotframework\RFWSamplesB2\tagSamples\TagSampleTwoTS.robot">
<test id="s1-t1" name="Generate Invoice">
<kw name="Log To Console" library="BuiltIn">
<doc>Logs the given message to the console.</doc>
<arguments>
<arg>Generate Invoice</arg>
</arguments>
<status status="PASS" starttime="20211021 17:10:18.514" endtime="20211021 17:10:18.514"></status>
</kw>
<status status="PASS" starttime="20211021 17:10:18.513" endtime="20211021 17:10:18.515" critical="yes"></status>
</test>
<test id="s1-t2" name="Make Payment">
<kw name="Log To Console" library="BuiltIn">
<doc>Logs the given message to the console.</doc>
<arguments>
<arg>Make Payment</arg>
</arguments>
<status status="PASS" starttime="20211021 17:10:18.517" endtime="20211021 17:10:18.517"></status>
</kw>
<tags>
<tag>RegTest</tag>
</tags>
<status status="PASS" starttime="20211021 17:10:18.516" endtime="20211021 17:10:18.517" critical="yes"></status>
</test>
<status status="PASS" starttime="20211021 17:10:18.486" endtime="20211021 17:10:18.518"></status>
</suite>
<statistics>
<total>
<stat pass="2" fail="0">Critical Tests</stat>
<stat pass="2" fail="0">All Tests</stat>
</total>
<tag>
<stat pass="1" fail="0">RegTest</stat>
</tag>
<suite>
<stat pass="2" fail="0" id="s1" name="TagSampleTwoTS">TagSampleTwoTS</stat>
</suite>
</statistics>
<errors>
</errors>
</robot>
